{"name": "test_add_new_order", "status": "broken", "statusDetails": {"message": "selenium.common.exceptions.TimeoutException: Message: \nStacktrace:\nBacktrace:\n\t(No symbol) [0x014EF243]\n\t(No symbol) [0x01477FD1]\n\t(No symbol) [0x0136D04D]\n\t(No symbol) [0x0139C0B0]\n\t(No symbol) [0x0139C22B]\n\t(No symbol) [0x013CE612]\n\t(No symbol) [0x013B85D4]\n\t(No symbol) [0x013CC9EB]\n\t(No symbol) [0x013B8386]\n\t(No symbol) [0x0139163C]\n\t(No symbol) [0x0139269D]\n\tGetHandleVerifier [0x01789A22+2655074]\n\tGetHandleVerifier [0x0177CA24+2601828]\n\tGetHandleVerifier [0x01598C0A+619850]\n\tGetHandleVerifier [0x01597830+614768]\n\t(No symbol) [0x014805FC]\n\t(No symbol) [0x01485968]\n\t(No symbol) [0x01485A55]\n\t(No symbol) [0x0149051B]\n\tBaseThreadInitThunk [0x75270419+25]\n\tRtlGetAppContainerNamedObjectPath [0x76FC784D+237]\n\tRtlGetAppContainerNamedObjectPath [0x76FC781D+189]", "trace": "open_login_page = <qa_automation_hw.page_objects.login_page.LoginPage object at 0x000001BD6526B550>\nlog_in_user = <qa_automation_hw.page_objects.dashboardpage.DashBoardPage object at 0x000001BD6526AA70>\n\n    @allure.feature('Nazar Sennyk')\n    @pytest.mark.smoke\n    def test_add_new_order(open_login_page, log_in_user):\n        dash_board_page = open_login_page\n        wai_util(lambda: log_in_user.empty_order_bucket_is_visible() is True, '123123213')\n        dash_board_page.click_on_rod_submenu_dashboard()\n        dash_board_page.click_on_fishing_rod_menu()\n>       dash_board_page.click_on_form_order_button()\n\ntests\\test_selenium_framework.py:87: \n_ _ _ _ _ _ _ _ _ _ _ _ _ _ _ _ _ _ _ _ _ _ _ _ _ _ _ _ _ _ _ _ _ _ _ _ _ _ _ _ _ _ _ _ _ _ _ _ _ _ _ _ _ _ _ _ _ _ _ _ _ _ _ _ _ _ _ _ _ _ _ _ _ _ _ _ _ _ _ _ _ \npage_objects\\login_page.py:68: in click_on_form_order_button\n    self._click(self.__form_order_button)\nutilities\\web_ui\\base_page.py:33: in _click\n    self.__wait_until_element_visible(locator)\nutilities\\web_ui\\base_page.py:21: in __wait_until_element_visible\n    return self.__wait.until(EC.visibility_of_element_located(locator))\n_ _ _ _ _ _ _ _ _ _ _ _ _ _ _ _ _ _ _ _ _ _ _ _ _ _ _ _ _ _ _ _ _ _ _ _ _ _ _ _ _ _ _ _ _ _ _ _ _ _ _ _ _ _ _ _ _ _ _ _ _ _ _ _ _ _ _ _ _ _ _ _ _ _ _ _ _ _ _ _ _ \n\nself = <selenium.webdriver.support.wait.WebDriverWait (session=\"5a7a2da3d57a031426dc50af806ff192\")>\nmethod = <function visibility_of_element_located.<locals>._predicate at 0x000001BD64AD8700>, message = ''\n\n    def until(self, method, message: str = \"\"):\n        \"\"\"Calls the method provided with the driver as an argument until the \\\n        return value does not evaluate to ``False``.\n    \n        :param method: callable(WebDriver)\n        :param message: optional message for :exc:`TimeoutException`\n        :returns: the result of the last call to `method`\n        :raises: :exc:`selenium.common.exceptions.TimeoutException` if timeout occurs\n        \"\"\"\n        screen = None\n        stacktrace = None\n    \n        end_time = time.monotonic() + self._timeout\n        while True:\n            try:\n                value = method(self._driver)\n                if value:\n                    return value\n            except self._ignored_exceptions as exc:\n                screen = getattr(exc, \"screen\", None)\n                stacktrace = getattr(exc, \"stacktrace\", None)\n            time.sleep(self._poll)\n            if time.monotonic() > end_time:\n                break\n>       raise TimeoutException(message, screen, stacktrace)\nE       selenium.common.exceptions.TimeoutException: Message: \nE       Stacktrace:\nE       Backtrace:\nE       \t(No symbol) [0x014EF243]\nE       \t(No symbol) [0x01477FD1]\nE       \t(No symbol) [0x0136D04D]\nE       \t(No symbol) [0x0139C0B0]\nE       \t(No symbol) [0x0139C22B]\nE       \t(No symbol) [0x013CE612]\nE       \t(No symbol) [0x013B85D4]\nE       \t(No symbol) [0x013CC9EB]\nE       \t(No symbol) [0x013B8386]\nE       \t(No symbol) [0x0139163C]\nE       \t(No symbol) [0x0139269D]\nE       \tGetHandleVerifier [0x01789A22+2655074]\nE       \tGetHandleVerifier [0x0177CA24+2601828]\nE       \tGetHandleVerifier [0x01598C0A+619850]\nE       \tGetHandleVerifier [0x01597830+614768]\nE       \t(No symbol) [0x014805FC]\nE       \t(No symbol) [0x01485968]\nE       \t(No symbol) [0x01485A55]\nE       \t(No symbol) [0x0149051B]\nE       \tBaseThreadInitThunk [0x75270419+25]\nE       \tRtlGetAppContainerNamedObjectPath [0x76FC784D+237]\nE       \tRtlGetAppContainerNamedObjectPath [0x76FC781D+189]\n\n..\\venv\\lib\\site-packages\\selenium\\webdriver\\support\\wait.py:95: TimeoutException"}, "steps": [{"name": "empty_order_bucket_is_visible", "status": "passed", "steps": [{"name": "_is_visible", "status": "passed", "steps": [{"name": "__wait_until_element_visible", "status": "passed", "parameters": [{"name": "locator", "value": "('xpath', '//span[@class=\"cart-count\" and   contains(text(), \"0\")]')"}], "start": 1670416023715, "stop": 1670416023763}], "parameters": [{"name": "locator", "value": "('xpath', '//span[@class=\"cart-count\" and   contains(text(), \"0\")]')"}], "start": 1670416023715, "stop": 1670416023763}], "start": 1670416023714, "stop": 1670416023764}, {"name": "click_on_rod_submenu_dashboard", "status": "passed", "steps": [{"name": "_click", "status": "passed", "steps": [{"name": "__wait_until_element_visible", "status": "passed", "parameters": [{"name": "locator", "value": "('xpath', '//i[@class=\"icon icon-menu_item_2\"]')"}], "start": 1670416023764, "stop": 1670416023813}, {"name": "__wait_until_element_clickable", "status": "passed", "parameters": [{"name": "locator", "value": "('xpath', '//i[@class=\"icon icon-menu_item_2\"]')"}], "start": 1670416023813, "stop": 1670416023869}], "parameters": [{"name": "locator", "value": "('xpath', '//i[@class=\"icon icon-menu_item_2\"]')"}], "start": 1670416023764, "stop": 1670416024716}], "start": 1670416023764, "stop": 1670416024716}, {"name": "click_on_fishing_rod_menu", "status": "passed", "steps": [{"name": "_click", "status": "passed", "steps": [{"name": "__wait_until_element_visible", "status": "passed", "parameters": [{"name": "locator", "value": "('xpath', '//a[@class= \"podmenu-title\" and @href= \"https://www.flagman.kiev.ua/spinningovie-udilischa/c201224/\"]')"}], "start": 1670416024716, "stop": 1670416024768}, {"name": "__wait_until_element_clickable", "status": "passed", "parameters": [{"name": "locator", "value": "('xpath', '//a[@class= \"podmenu-title\" and @href= \"https://www.flagman.kiev.ua/spinningovie-udilischa/c201224/\"]')"}], "start": 1670416024769, "stop": 1670416024816}], "parameters": [{"name": "locator", "value": "('xpath', '//a[@class= \"podmenu-title\" and @href= \"https://www.flagman.kiev.ua/spinningovie-udilischa/c201224/\"]')"}], "start": 1670416024716, "stop": 1670416030920}], "start": 1670416024716, "stop": 1670416030920}, {"name": "click_on_form_order_button", "status": "broken", "statusDetails": {"message": "selenium.common.exceptions.TimeoutException: Message: \nStacktrace:\nBacktrace:\n\t(No symbol) [0x014EF243]\n\t(No symbol) [0x01477FD1]\n\t(No symbol) [0x0136D04D]\n\t(No symbol) [0x0139C0B0]\n\t(No symbol) [0x0139C22B]\n\t(No symbol) [0x013CE612]\n\t(No symbol) [0x013B85D4]\n\t(No symbol) [0x013CC9EB]\n\t(No symbol) [0x013B8386]\n\t(No symbol) [0x0139163C]\n\t(No symbol) [0x0139269D]\n\tGetHandleVerifier [0x01789A22+2655074]\n\tGetHandleVerifier [0x0177CA24+2601828]\n\tGetHandleVerifier [0x01598C0A+619850]\n\tGetHandleVerifier [0x01597830+614768]\n\t(No symbol) [0x014805FC]\n\t(No symbol) [0x01485968]\n\t(No symbol) [0x01485A55]\n\t(No symbol) [0x0149051B]\n\tBaseThreadInitThunk [0x75270419+25]\n\tRtlGetAppContainerNamedObjectPath [0x76FC784D+237]\n\tRtlGetAppContainerNamedObjectPath [0x76FC781D+189]\n\n", "trace": "  File \"C:\\Users\\Admin\\PycharmProjects\\pythonProject\\venv\\lib\\site-packages\\allure_commons\\_allure.py\", line 192, in impl\n    return func(*a, **kw)\n  File \"C:\\Users\\Admin\\PycharmProjects\\pythonProject\\qa_automation_hw\\page_objects\\login_page.py\", line 68, in click_on_form_order_button\n    self._click(self.__form_order_button)\n  File \"C:\\Users\\Admin\\PycharmProjects\\pythonProject\\venv\\lib\\site-packages\\allure_commons\\_allure.py\", line 192, in impl\n    return func(*a, **kw)\n  File \"C:\\Users\\Admin\\PycharmProjects\\pythonProject\\qa_automation_hw\\utilities\\web_ui\\base_page.py\", line 33, in _click\n    self.__wait_until_element_visible(locator)\n  File \"C:\\Users\\Admin\\PycharmProjects\\pythonProject\\venv\\lib\\site-packages\\allure_commons\\_allure.py\", line 192, in impl\n    return func(*a, **kw)\n  File \"C:\\Users\\Admin\\PycharmProjects\\pythonProject\\qa_automation_hw\\utilities\\web_ui\\base_page.py\", line 21, in __wait_until_element_visible\n    return self.__wait.until(EC.visibility_of_element_located(locator))\n  File \"C:\\Users\\Admin\\PycharmProjects\\pythonProject\\venv\\lib\\site-packages\\selenium\\webdriver\\support\\wait.py\", line 95, in until\n    raise TimeoutException(message, screen, stacktrace)\n"}, "steps": [{"name": "_click", "status": "broken", "statusDetails": {"message": "selenium.common.exceptions.TimeoutException: Message: \nStacktrace:\nBacktrace:\n\t(No symbol) [0x014EF243]\n\t(No symbol) [0x01477FD1]\n\t(No symbol) [0x0136D04D]\n\t(No symbol) [0x0139C0B0]\n\t(No symbol) [0x0139C22B]\n\t(No symbol) [0x013CE612]\n\t(No symbol) [0x013B85D4]\n\t(No symbol) [0x013CC9EB]\n\t(No symbol) [0x013B8386]\n\t(No symbol) [0x0139163C]\n\t(No symbol) [0x0139269D]\n\tGetHandleVerifier [0x01789A22+2655074]\n\tGetHandleVerifier [0x0177CA24+2601828]\n\tGetHandleVerifier [0x01598C0A+619850]\n\tGetHandleVerifier [0x01597830+614768]\n\t(No symbol) [0x014805FC]\n\t(No symbol) [0x01485968]\n\t(No symbol) [0x01485A55]\n\t(No symbol) [0x0149051B]\n\tBaseThreadInitThunk [0x75270419+25]\n\tRtlGetAppContainerNamedObjectPath [0x76FC784D+237]\n\tRtlGetAppContainerNamedObjectPath [0x76FC781D+189]\n\n", "trace": "  File \"C:\\Users\\Admin\\PycharmProjects\\pythonProject\\venv\\lib\\site-packages\\allure_commons\\_allure.py\", line 192, in impl\n    return func(*a, **kw)\n  File \"C:\\Users\\Admin\\PycharmProjects\\pythonProject\\qa_automation_hw\\utilities\\web_ui\\base_page.py\", line 33, in _click\n    self.__wait_until_element_visible(locator)\n  File \"C:\\Users\\Admin\\PycharmProjects\\pythonProject\\venv\\lib\\site-packages\\allure_commons\\_allure.py\", line 192, in impl\n    return func(*a, **kw)\n  File \"C:\\Users\\Admin\\PycharmProjects\\pythonProject\\qa_automation_hw\\utilities\\web_ui\\base_page.py\", line 21, in __wait_until_element_visible\n    return self.__wait.until(EC.visibility_of_element_located(locator))\n  File \"C:\\Users\\Admin\\PycharmProjects\\pythonProject\\venv\\lib\\site-packages\\selenium\\webdriver\\support\\wait.py\", line 95, in until\n    raise TimeoutException(message, screen, stacktrace)\n"}, "steps": [{"name": "__wait_until_element_visible", "status": "broken", "statusDetails": {"message": "selenium.common.exceptions.TimeoutException: Message: \nStacktrace:\nBacktrace:\n\t(No symbol) [0x014EF243]\n\t(No symbol) [0x01477FD1]\n\t(No symbol) [0x0136D04D]\n\t(No symbol) [0x0139C0B0]\n\t(No symbol) [0x0139C22B]\n\t(No symbol) [0x013CE612]\n\t(No symbol) [0x013B85D4]\n\t(No symbol) [0x013CC9EB]\n\t(No symbol) [0x013B8386]\n\t(No symbol) [0x0139163C]\n\t(No symbol) [0x0139269D]\n\tGetHandleVerifier [0x01789A22+2655074]\n\tGetHandleVerifier [0x0177CA24+2601828]\n\tGetHandleVerifier [0x01598C0A+619850]\n\tGetHandleVerifier [0x01597830+614768]\n\t(No symbol) [0x014805FC]\n\t(No symbol) [0x01485968]\n\t(No symbol) [0x01485A55]\n\t(No symbol) [0x0149051B]\n\tBaseThreadInitThunk [0x75270419+25]\n\tRtlGetAppContainerNamedObjectPath [0x76FC784D+237]\n\tRtlGetAppContainerNamedObjectPath [0x76FC781D+189]\n\n", "trace": "  File \"C:\\Users\\Admin\\PycharmProjects\\pythonProject\\venv\\lib\\site-packages\\allure_commons\\_allure.py\", line 192, in impl\n    return func(*a, **kw)\n  File \"C:\\Users\\Admin\\PycharmProjects\\pythonProject\\qa_automation_hw\\utilities\\web_ui\\base_page.py\", line 21, in __wait_until_element_visible\n    return self.__wait.until(EC.visibility_of_element_located(locator))\n  File \"C:\\Users\\Admin\\PycharmProjects\\pythonProject\\venv\\lib\\site-packages\\selenium\\webdriver\\support\\wait.py\", line 95, in until\n    raise TimeoutException(message, screen, stacktrace)\n"}, "parameters": [{"name": "locator", "value": "('xpath', '//i[@onmousedown=\"try { rrApi.addToBasket(255998) } catch(e) {}\"]')"}], "start": 1670416030920, "stop": 1670416041001}], "parameters": [{"name": "locator", "value": "('xpath', '//i[@onmousedown=\"try { rrApi.addToBasket(255998) } catch(e) {}\"]')"}], "start": 1670416030920, "stop": 1670416041001}], "start": 1670416030920, "stop": 1670416041001}], "start": 1670416023714, "stop": 1670416041001, "uuid": "aa1f1dd2-5bee-4474-a1d5-3dbb6316535d", "historyId": "5685241b64bf471aa8f92b62ffeced8f", "testCaseId": "dabc5a80ba9d3ccaa2cde3d2de7f4298", "fullName": "tests.test_selenium_framework#test_add_new_order", "labels": [{"name": "feature", "value": "Nazar Sennyk"}, {"name": "tag", "value": "smoke"}, {"name": "parentSuite", "value": "tests"}, {"name": "suite", "value": "test_selenium_framework"}, {"name": "host", "value": "DESKTOP-722BA53"}, {"name": "thread", "value": "3400-MainThread"}, {"name": "framework", "value": "pytest"}, {"name": "language", "value": "cpython3"}, {"name": "package", "value": "tests.test_selenium_framework"}]}